d:\rdr2playground_public\pools\tmp\release\vc142.pdb
d:\rdr2playground_public\pools\tmp\release\simplemenu.obj
d:\rdr2playground_public\pools\tmp\release\script.obj
d:\rdr2playground_public\pools\tmp\release\nativeutil.obj
d:\rdr2playground_public\pools\tmp\release\main.obj
d:\rdr2playground_public\pools\tmp\release\keyboard.obj
d:\rdr2playground_public\pools\tmp\release\trampoline.obj
d:\rdr2playground_public\pools\tmp\release\hook.obj
d:\rdr2playground_public\pools\tmp\release\hde64.obj
d:\rdr2playground_public\pools\tmp\release\buffer.obj
d:\rdr2playground_public\pools\tmp\release\pools.res
d:\rdr2playground_public\pools\bin\release\playground.asi
d:\rdr2playground_public\pools\bin\release\playground.ipdb
d:\rdr2playground_public\pools\bin\release\playground.iobj
d:\rdr2playground_public\pools\tmp\release\pools.tlog\cl.command.1.tlog
d:\rdr2playground_public\pools\tmp\release\pools.tlog\rc.command.1.tlog
d:\rdr2playground_public\pools\tmp\release\pools.tlog\link.command.1.tlog
d:\rdr2playground_public\pools\tmp\release\pools.tlog\cl.read.1.tlog
d:\rdr2playground_public\pools\tmp\release\pools.tlog\rc.read.1.tlog
d:\rdr2playground_public\pools\tmp\release\pools.tlog\link.read.6.tlog
d:\rdr2playground_public\pools\tmp\release\pools.tlog\cl.write.1.tlog
d:\rdr2playground_public\pools\tmp\release\pools.tlog\rc.write.1.tlog
d:\rdr2playground_public\pools\tmp\release\pools.tlog\link.write.1.tlog
d:\rdr2playground_public\pools\tmp\release\pools.tlog\pools.write.1u.tlog
