  keyboard.cpp
  main.cpp
  NativeUtil.cpp
C:\Users\kosta\Documents\GitHub\RDR2Playground\Pools\SimpleMenu.h(123,18): warning C4996: '_itoa': This function or variable may be unsafe. Consider using _itoa_s instead. To disable deprecation, use _CRT_SECURE_NO_WARNINGS. See online help for details.
C:\Users\kosta\Documents\GitHub\RDR2Playground\Pools\NativeUtil.cpp(23,10): warning C4244: 'initializing': conversion from 'double' to 'float', possible loss of data
C:\Users\kosta\Documents\GitHub\RDR2Playground\Pools\NativeUtil.cpp(24,10): warning C4244: 'initializing': conversion from 'double' to 'float', possible loss of data
C:\Users\kosta\Documents\GitHub\RDR2Playground\Pools\NativeUtil.cpp(25,10): warning C4244: 'initializing': conversion from 'double' to 'float', possible loss of data
C:\Users\kosta\Documents\GitHub\RDR2Playground\Pools\NativeUtil.cpp(401,13): warning C4244: '=': conversion from 'double' to 'float', possible loss of data
C:\Users\kosta\Documents\GitHub\RDR2Playground\Pools\NativeUtil.cpp(470,26): warning C4244: 'argument': conversion from 'int64_t' to 'int', possible loss of data
C:\Users\kosta\Documents\GitHub\RDR2Playground\Pools\NativeUtil.cpp(480,26): warning C4244: 'argument': conversion from 'int64_t' to 'int', possible loss of data
C:\Users\kosta\Documents\GitHub\RDR2Playground\Pools\NativeUtil.cpp(650,16): warning C4244: 'initializing': conversion from 'float' to 'int', possible loss of data
C:\Users\kosta\Documents\GitHub\RDR2Playground\Pools\NativeUtil.cpp(655,54): warning C4244: 'argument': conversion from 'int' to 'float', possible loss of data
C:\Users\kosta\Documents\GitHub\RDR2Playground\Pools\NativeUtil.cpp(664,54): warning C4244: 'argument': conversion from 'int' to 'float', possible loss of data
C:\Users\kosta\Documents\GitHub\RDR2Playground\Pools\NativeUtil.cpp(940,16): warning C4244: 'initializing': conversion from 'double' to 'float', possible loss of data
C:\Users\kosta\Documents\GitHub\RDR2Playground\Pools\NativeUtil.cpp(943,11): warning C4244: 'initializing': conversion from 'double' to 'float', possible loss of data
C:\Users\kosta\Documents\GitHub\RDR2Playground\Pools\NativeUtil.cpp(946,37): warning C4244: '=': conversion from 'double' to 'float', possible loss of data
C:\Users\kosta\Documents\GitHub\RDR2Playground\Pools\NativeUtil.cpp(947,37): warning C4244: '=': conversion from 'double' to 'float', possible loss of data
C:\Users\kosta\Documents\GitHub\RDR2Playground\Pools\NativeUtil.cpp(950,36): warning C4244: '=': conversion from 'double' to 'float', possible loss of data
C:\Users\kosta\Documents\GitHub\RDR2Playground\Pools\NativeUtil.cpp(951,36): warning C4244: '=': conversion from 'double' to 'float', possible loss of data
C:\Users\kosta\Documents\GitHub\RDR2Playground\Pools\NativeUtil.cpp(1031,45): warning C4805: '==': unsafe mix of type 'BOOL' and type 'bool' in operation
C:\Users\kosta\Documents\GitHub\RDR2Playground\Pools\NativeUtil.cpp(1024,5): warning C4996: 'sprintf': This function or variable may be unsafe. Consider using sprintf_s instead. To disable deprecation, use _CRT_SECURE_NO_WARNINGS. See online help for details.
C:\Users\kosta\Documents\GitHub\RDR2Playground\Pools\NativeUtil.cpp(1027,5): warning C4996: 'sprintf': This function or variable may be unsafe. Consider using sprintf_s instead. To disable deprecation, use _CRT_SECURE_NO_WARNINGS. See online help for details.
C:\Users\kosta\Documents\GitHub\RDR2Playground\Pools\NativeUtil.cpp(1139,12): warning C4244: 'initializing': conversion from 'double' to 'float', possible loss of data
C:\Users\kosta\Documents\GitHub\RDR2Playground\Pools\NativeUtil.cpp(1140,15): warning C4244: 'initializing': conversion from 'double' to 'float', possible loss of data
C:\Users\kosta\Documents\GitHub\RDR2Playground\Pools\NativeUtil.cpp(1141,15): warning C4244: 'initializing': conversion from 'double' to 'float', possible loss of data
C:\Users\kosta\Documents\GitHub\RDR2Playground\Pools\NativeUtil.cpp(1142,15): warning C4244: 'initializing': conversion from 'double' to 'float', possible loss of data
C:\Users\kosta\Documents\GitHub\RDR2Playground\Pools\NativeUtil.cpp(1702,77): warning C4244: 'argument': conversion from 'int' to 'float', possible loss of data
C:\Program Files (x86)\Microsoft Visual Studio\2019\Community\VC\Tools\MSVC\14.29.30037\include\type_traits(1493): message : see reference to function template instantiation 'auto circlePeds::<lambda_3e8f9a21888b02a52db37f9754f9646d>::operator ()<int>(int) const' being compiled
C:\Program Files (x86)\Microsoft Visual Studio\2019\Community\VC\Tools\MSVC\14.29.30037\include\type_traits(1716): message : see reference to alias template instantiation 'std::_Decltype_invoke_nonzero<circlePeds::<lambda_3e8f9a21888b02a52db37f9754f9646d>&,int,>' being compiled
C:\Program Files (x86)\Microsoft Visual Studio\2019\Community\VC\Tools\MSVC\14.29.30037\include\type_traits(1755): message : see reference to alias template instantiation 'std::_Is_invocable_r_<void,circlePeds::<lambda_3e8f9a21888b02a52db37f9754f9646d>&,int>' being compiled
C:\Program Files (x86)\Microsoft Visual Studio\2019\Community\VC\Tools\MSVC\14.29.30037\include\functional(978): message : see reference to class template instantiation 'std::_Is_invocable_r<_Ret,circlePeds::<lambda_3e8f9a21888b02a52db37f9754f9646d> &,int>' being compiled
          with
          [
              _Ret=void
          ]
C:\Program Files (x86)\Microsoft Visual Studio\2019\Community\VC\Tools\MSVC\14.29.30037\include\functional(978): message : see reference to variable template 'const bool conjunction_v<std::negation<std::is_same<<lambda_3e8f9a21888b02a52db37f9754f9646d>,std::function<void __cdecl(int)> > >,std::_Is_invocable_r<void,<lambda_3e8f9a21888b02a52db37f9754f9646d> &,int> >' being compiled
C:\Users\kosta\Documents\GitHub\RDR2Playground\Pools\NativeUtil.cpp(1702): message : see reference to alias template instantiation 'std::_Func_class<_Ret,int>::_Enable_if_callable_t<circlePeds::<lambda_3e8f9a21888b02a52db37f9754f9646d>&,std::function<void (int)>>' being compiled
          with
          [
              _Ret=void
          ]
C:\Users\kosta\Documents\GitHub\RDR2Playground\Pools\NativeUtil.cpp(2369,15): warning C4244: 'initializing': conversion from 'unsigned int' to 'float', possible loss of data
C:\Users\kosta\Documents\GitHub\RDR2Playground\Pools\NativeUtil.cpp(2371,26): warning C4244: 'initializing': conversion from 'double' to 'float', possible loss of data
  script.cpp
C:\Users\kosta\Documents\GitHub\RDR2Playground\Pools\SimpleMenu.h(123,18): warning C4996: '_itoa': This function or variable may be unsafe. Consider using _itoa_s instead. To disable deprecation, use _CRT_SECURE_NO_WARNINGS. See online help for details.
C:\Users\kosta\Documents\GitHub\RDR2Playground\Pools\script.cpp(171,14): warning C4244: '*=': conversion from 'double' to 'DWORD', possible loss of data
C:\Users\kosta\Documents\GitHub\RDR2Playground\Pools\script.cpp(177,2): warning C4267: 'initializing': conversion from 'size_t' to 'int', possible loss of data
C:\Users\kosta\Documents\GitHub\RDR2Playground\Pools\script.cpp(1297,27): warning C4477: 'snprintf' : format string '%p' requires an argument of type 'void *', but variadic argument 1 has type 'uint64_t'
C:\Users\kosta\Documents\GitHub\RDR2Playground\Pools\script.cpp(1297,27): warning C4477: 'snprintf' : format string '%p' requires an argument of type 'void *', but variadic argument 2 has type 'uint64_t'
C:\Users\kosta\Documents\GitHub\RDR2Playground\Pools\script.cpp(1297,27): warning C4477: 'snprintf' : format string '%p' requires an argument of type 'void *', but variadic argument 3 has type 'uint64_t'
C:\Users\kosta\Documents\GitHub\RDR2Playground\Pools\script.cpp(1297,27): warning C4477: 'snprintf' : format string '%p' requires an argument of type 'void *', but variadic argument 4 has type 'uint64_t'
  SimpleMenu.cpp
C:\Users\kosta\Documents\GitHub\RDR2Playground\Pools\SimpleMenu.h(123,18): warning C4996: '_itoa': This function or variable may be unsafe. Consider using _itoa_s instead. To disable deprecation, use _CRT_SECURE_NO_WARNINGS. See online help for details.
C:\Users\kosta\Documents\GitHub\RDR2Playground\Pools\SimpleMenu.cpp(318,17): warning C4244: '=': conversion from 'double' to 'float', possible loss of data
  buffer.c
  hde64.c
  hook.c
  trampoline.c
  Generating code
  2058 of 2072 functions (99.3%) were compiled, the rest were copied from previous compilation.
    642 functions were new in current compilation
    2 functions had inline decision re-evaluated but remain unchanged
  Finished generating code
  Pools.vcxproj -> C:\Users\kosta\Documents\GitHub\RDR2Playground\Pools\bin\Release\Playground.asi
